Determining if the pthread_create exist failed with the following output:
Change Dir: /home/anthony/repo/ml2_takehome/train_server/app/lenet5_libtorch/CMakeFiles/CMakeTmp

Run Build Command:"/usr/bin/gmake" "cmTC_ff41c/fast"
/usr/bin/gmake -f CMakeFiles/cmTC_ff41c.dir/build.make CMakeFiles/cmTC_ff41c.dir/build
gmake[1]: Entering directory '/home/anthony/repo/ml2_takehome/train_server/app/lenet5_libtorch/CMakeFiles/CMakeTmp'
Building C object CMakeFiles/cmTC_ff41c.dir/CheckSymbolExists.c.o
/usr/bin/cc    -o CMakeFiles/cmTC_ff41c.dir/CheckSymbolExists.c.o   -c /home/anthony/repo/ml2_takehome/train_server/app/lenet5_libtorch/CMakeFiles/CMakeTmp/CheckSymbolExists.c
Linking C executable cmTC_ff41c
/usr/bin/cmake -E cmake_link_script CMakeFiles/cmTC_ff41c.dir/link.txt --verbose=1
/usr/bin/cc      -rdynamic CMakeFiles/cmTC_ff41c.dir/CheckSymbolExists.c.o  -o cmTC_ff41c 
CMakeFiles/cmTC_ff41c.dir/CheckSymbolExists.c.o: In function `main':
CheckSymbolExists.c:(.text+0x16): undefined reference to `pthread_create'
collect2: error: ld returned 1 exit status
gmake[1]: *** [CMakeFiles/cmTC_ff41c.dir/build.make:87: cmTC_ff41c] Error 1
gmake[1]: Leaving directory '/home/anthony/repo/ml2_takehome/train_server/app/lenet5_libtorch/CMakeFiles/CMakeTmp'
gmake: *** [Makefile:126: cmTC_ff41c/fast] Error 2

File /home/anthony/repo/ml2_takehome/train_server/app/lenet5_libtorch/CMakeFiles/CMakeTmp/CheckSymbolExists.c:
/* */
#include <pthread.h>

int main(int argc, char** argv)
{
  (void)argv;
#ifndef pthread_create
  return ((int*)(&pthread_create))[argc];
#else
  (void)argc;
  return 0;
#endif
}

Determining if the function pthread_create exists in the pthreads failed with the following output:
Change Dir: /home/anthony/repo/ml2_takehome/train_server/app/lenet5_libtorch/CMakeFiles/CMakeTmp

Run Build Command:"/usr/bin/gmake" "cmTC_fc776/fast"
/usr/bin/gmake -f CMakeFiles/cmTC_fc776.dir/build.make CMakeFiles/cmTC_fc776.dir/build
gmake[1]: Entering directory '/home/anthony/repo/ml2_takehome/train_server/app/lenet5_libtorch/CMakeFiles/CMakeTmp'
Building C object CMakeFiles/cmTC_fc776.dir/CheckFunctionExists.c.o
/usr/bin/cc   -DCHECK_FUNCTION_EXISTS=pthread_create   -o CMakeFiles/cmTC_fc776.dir/CheckFunctionExists.c.o   -c /usr/share/cmake/Modules/CheckFunctionExists.c
Linking C executable cmTC_fc776
/usr/bin/cmake -E cmake_link_script CMakeFiles/cmTC_fc776.dir/link.txt --verbose=1
/usr/bin/cc  -DCHECK_FUNCTION_EXISTS=pthread_create    -rdynamic CMakeFiles/cmTC_fc776.dir/CheckFunctionExists.c.o  -o cmTC_fc776 -lpthreads 
/usr/bin/ld: cannot find -lpthreads
collect2: error: ld returned 1 exit status
gmake[1]: *** [CMakeFiles/cmTC_fc776.dir/build.make:87: cmTC_fc776] Error 1
gmake[1]: Leaving directory '/home/anthony/repo/ml2_takehome/train_server/app/lenet5_libtorch/CMakeFiles/CMakeTmp'
gmake: *** [Makefile:126: cmTC_fc776/fast] Error 2


