Determining if the pthread_create exist failed with the following output:
Change Dir: /home/anthony/repo/examples/cpp/mnist/build/CMakeFiles/CMakeTmp

Run Build Command:"/usr/bin/gmake" "cmTC_6cf39/fast"
/usr/bin/gmake -f CMakeFiles/cmTC_6cf39.dir/build.make CMakeFiles/cmTC_6cf39.dir/build
gmake[1]: Entering directory '/home/anthony/repo/examples/cpp/mnist/build/CMakeFiles/CMakeTmp'
Building C object CMakeFiles/cmTC_6cf39.dir/CheckSymbolExists.c.o
/usr/bin/cc    -o CMakeFiles/cmTC_6cf39.dir/CheckSymbolExists.c.o   -c /home/anthony/repo/examples/cpp/mnist/build/CMakeFiles/CMakeTmp/CheckSymbolExists.c
Linking C executable cmTC_6cf39
/usr/bin/cmake -E cmake_link_script CMakeFiles/cmTC_6cf39.dir/link.txt --verbose=1
/usr/bin/cc      -rdynamic CMakeFiles/cmTC_6cf39.dir/CheckSymbolExists.c.o  -o cmTC_6cf39 
CMakeFiles/cmTC_6cf39.dir/CheckSymbolExists.c.o: In function `main':
CheckSymbolExists.c:(.text+0x16): undefined reference to `pthread_create'
collect2: error: ld returned 1 exit status
gmake[1]: *** [CMakeFiles/cmTC_6cf39.dir/build.make:87: cmTC_6cf39] Error 1
gmake[1]: Leaving directory '/home/anthony/repo/examples/cpp/mnist/build/CMakeFiles/CMakeTmp'
gmake: *** [Makefile:126: cmTC_6cf39/fast] Error 2

File /home/anthony/repo/examples/cpp/mnist/build/CMakeFiles/CMakeTmp/CheckSymbolExists.c:
/* */
#include <pthread.h>

int main(int argc, char** argv)
{
  (void)argv;
#ifndef pthread_create
  return ((int*)(&pthread_create))[argc];
#else
  (void)argc;
  return 0;
#endif
}

Determining if the function pthread_create exists in the pthreads failed with the following output:
Change Dir: /home/anthony/repo/examples/cpp/mnist/build/CMakeFiles/CMakeTmp

Run Build Command:"/usr/bin/gmake" "cmTC_fd459/fast"
/usr/bin/gmake -f CMakeFiles/cmTC_fd459.dir/build.make CMakeFiles/cmTC_fd459.dir/build
gmake[1]: Entering directory '/home/anthony/repo/examples/cpp/mnist/build/CMakeFiles/CMakeTmp'
Building C object CMakeFiles/cmTC_fd459.dir/CheckFunctionExists.c.o
/usr/bin/cc   -DCHECK_FUNCTION_EXISTS=pthread_create   -o CMakeFiles/cmTC_fd459.dir/CheckFunctionExists.c.o   -c /usr/share/cmake/Modules/CheckFunctionExists.c
Linking C executable cmTC_fd459
/usr/bin/cmake -E cmake_link_script CMakeFiles/cmTC_fd459.dir/link.txt --verbose=1
/usr/bin/cc  -DCHECK_FUNCTION_EXISTS=pthread_create    -rdynamic CMakeFiles/cmTC_fd459.dir/CheckFunctionExists.c.o  -o cmTC_fd459 -lpthreads 
/usr/bin/ld: cannot find -lpthreads
collect2: error: ld returned 1 exit status
gmake[1]: *** [CMakeFiles/cmTC_fd459.dir/build.make:87: cmTC_fd459] Error 1
gmake[1]: Leaving directory '/home/anthony/repo/examples/cpp/mnist/build/CMakeFiles/CMakeTmp'
gmake: *** [Makefile:126: cmTC_fd459/fast] Error 2


